csds.xml
<藏>Mūla</藏>
version.xml
<部>Vinaya</部>
1101.xml
1102.xml
1103.xml
1104.xml
1105.xml
<部>Sutta</部>
2101.xml
2102.xml
2103.xml
3101.xml
3102.xml
3103.xml
4101.xml
4102.xml
4103.xml
4104.xml
4105.xml
5101.xml
5102.xml
5103.xml
5104.xml
5105.xml
5106.xml
5107.xml
5108.xml
5109.xml
5110.xml
5111.xml
<部>Khuddaka</部>
6101.xml
6102.xml
6103.xml
6104.xml
6105.xml
6106.xml
6107.xml
6108.xml
6109.xml
6110.xml
6111.xml
6112.xml
6113.xml
6114.xml
6115.xml
6116.xml
6117.xml
6118.xml
6119.xml
6120.xml
6121.xml
<部>Abhidhamma</部>
7101.xml
7102.xml
7103.xml
7104.xml
7105.xml
7106.xml
7107.xml
7108.xml
7109.xml
7110.xml
7111.xml
7112.xml
<藏>Aṭṭhakathā</藏>
<部>Vinaya</部>
1201.xml
1202.xml
1203.xml
1204.xml
1205.xml
1206.xml
<部>Sutta</部>
2201.xml
2202.xml
2203.xml
3201.xml
3202.xml
3203.xml
3301.xml
3302.xml
3303.xml
4201.xml
4202.xml
4203.xml
4204.xml
4205.xml
5201.xml
5202.xml
5203.xml
5204.xml
<部>Khuddaka</部>
6201.xml
6202.xml
6203.xml
6204.xml
6205.xml
6206.xml
6207.xml
6208.xml
6209.xml
6210.xml
6211.xml
6212.xml
6213.xml
6214.xml
6215.xml
6216.xml
6217.xml
6218.xml
6219.xml
6220.xml
6221.xml
6222.xml
6223.xml
6224.xml
6225.xml
6226.xml
6227.xml
6228.xml
<部>Abhidhamma</部>
7201.xml
7202.xml
7203.xml
<藏>Tīkā</藏>
<部>Vinaya</部>
1301.xml
1302.xml
1303.xml
<部>Sutta</部>
2301.xml
2302.xml
2303.xml
2304.xml
2305.xml
4301.xml
4302.xml
4303.xml
4304.xml
4305.xml
5301.xml
5302.xml
5303.xml
5304.xml
<部>Khuddaka</部>
6301.xml
6302.xml
<部>Abhidhamma</部>
7301.xml
7302.xml
7303.xml
7304.xml
7305.xml
<藏>Añña</藏>
<部>Vinaya</部>
1401.xml
1402.xml
1403.xml
1404.xml
1405.xml
1406.xml
1407.xml
1408.xml
1409.xml
1410.xml
1411.xml
1412.xml
<部>Visuddhimagga</部>
84101.xml
84102.xml
84103.xml
84104.xml
84105.xml
<部>Tipiṭaka</部>
84201.xml
84202.xml
84203.xml
84204.xml
84205.xml
84206.xml
84207.xml
<部>Añña</部>
84301.xml
84302.xml
84303.xml
84304.xml
84401.xml
84402.xml
84403.xml
84404.xml
84405.xml
84406.xml
84407.xml
84408.xml
84501.xml
84502.xml
84503.xml
84601.xml
84602.xml
84603.xml
84604.xml
84605.xml
84606.xml
84607.xml
84608.xml
84609.xml
84610.xml
84611.xml
84612.xml
84613.xml
84701.xml
84702.xml
84703.xml
84704.xml
84705.xml
84706.xml
84707.xml
84708.xml
84709.xml
84801.xml
84802.xml
84803.xml
84901.xml
84902.xml
84903.xml
84904.xml
84905.xml
84906.xml
84907.xml
84908.xml
84909.xml
84910.xml
84911.xml
84912.xml
84913.xml
84914.xml
84915.xml