csdszh.xml
<藏>根本</藏>
version.xml
<部>律</部>
1101c.xml
1102c.xml
1103c.xml
1104c.xml
1105c.xml
<部>经</部>
2101c.xml
2102c.xml
2103c.xml
3101c.xml
3102c.xml
3103c.xml
4101c.xml
4102c.xml
4103c.xml
4104c.xml
4105c.xml
5101c.xml
5102c.xml
5103c.xml
5104c.xml
5105c.xml
5106c.xml
5107c.xml
5108c.xml
5109c.xml
5110c.xml
5111c.xml
<部>小</部>
6101c.xml
6102c.xml
6103c.xml
6104c.xml
6105c.xml
6106c.xml
6107c.xml
6108c.xml
6109c.xml
6110c.xml
6111c.xml
6112c.xml
6113c.xml
6114c.xml
6115c.xml
6116c.xml
6117c.xml
6118c.xml
6119c.xml
6120c.xml
6121c.xml
<部>阿毘达磨</部>
7101c.xml
7102c.xml
7103c.xml
7104c.xml
7105c.xml
7106c.xml
7107c.xml
7108c.xml
7109c.xml
7110c.xml
7111c.xml
7112c.xml
<藏>义注</藏>
<部>律</部>
1201c.xml
1202c.xml
1203c.xml
1204c.xml
1205c.xml
1206c.xml
<部>经</部>
2201c.xml
2202c.xml
2203c.xml
3201c.xml
3202c.xml
3203c.xml
3301c.xml
3302c.xml
3303c.xml
4201c.xml
4202c.xml
4203c.xml
4204c.xml
4205c.xml
5201c.xml
5202c.xml
5203c.xml
5204c.xml
<部>小</部>
6201c.xml
6202c.xml
6203c.xml
6204c.xml
6205c.xml
6206c.xml
6207c.xml
6208c.xml
6209c.xml
6210c.xml
6211c.xml
6212c.xml
6213c.xml
6214c.xml
6215c.xml
6216c.xml
6217c.xml
6218c.xml
6219c.xml
6220c.xml
6221c.xml
6222c.xml
6223c.xml
6224c.xml
6225c.xml
6226c.xml
6227c.xml
6228c.xml
<部>阿毘达磨</部>
7201c.xml
7202c.xml
7203c.xml
<藏>复注</藏>
<部>律</部>
1301c.xml
1302c.xml
1303c.xml
<部>经</部>
2301c.xml
2302c.xml
2303c.xml
2304c.xml
2305c.xml
4301c.xml
4302c.xml
4303c.xml
4304c.xml
4305c.xml
5301c.xml
5302c.xml
5303c.xml
5304c.xml
<部>小</部>
6301c.xml
6302c.xml
<部>阿毘达磨</部>
7301c.xml
7302c.xml
7303c.xml
7304c.xml
7305c.xml
<藏>其他</藏>
<部>律</部>
1401c.xml
1402c.xml
1403c.xml
1404c.xml
1405c.xml
1406c.xml
1407c.xml
1408c.xml
1409c.xml
1410c.xml
1411c.xml
1412c.xml
<部>清淨道论</部>
84101c.xml
84102c.xml
84103c.xml
84104c.xml
84105c.xml
<部>三藏</部>
84201c.xml
84202c.xml
84203c.xml
84204c.xml
84205c.xml
84206c.xml
84207c.xml
<部>其他</部>
84301c.xml
84302c.xml
84303c.xml
84304c.xml
84401c.xml
84402c.xml
84403c.xml
84404c.xml
84405c.xml
84406c.xml
84407c.xml
84408c.xml
84501c.xml
84502c.xml
84503c.xml
84601c.xml
84602c.xml
84603c.xml
84604c.xml
84605c.xml
84606c.xml
84607c.xml
84608c.xml
84609c.xml
84610c.xml
84611c.xml
84612c.xml
84613c.xml
84701c.xml
84702c.xml
84703c.xml
84704c.xml
84705c.xml
84706c.xml
84707c.xml
84708c.xml
84709c.xml
84801c.xml
84802c.xml
84803c.xml
84901c.xml
84902c.xml
84903c.xml
84904c.xml
84905c.xml
84906c.xml
84907c.xml
84908c.xml
84909c.xml
84910c.xml
84911c.xml
84912c.xml
84913c.xml
84914c.xml
84915c.xml